<?xml version="1.0" encoding="UTF-8"?>
<!-- Generated by org.testng.reporters.JUnitReportReporter -->
<testsuite hostname="Ankush-PC" name="testmaven.learn_demo" tests="1" failures="0" timestamp="22 Sep 2018 11:41:32 GMT" time="1.855" errors="0">
  <testcase name="verifyTitleofLearnautomation" time="1.855" classname="testmaven.learn_demo"/>
</testsuite>
