<?xml version="1.0" encoding="UTF-8"?>
<!-- Generated by org.testng.reporters.JUnitReportReporter -->
<testsuite hostname="Ankush-PC" name="testmaven.DemotoMaven" tests="3" failures="0" timestamp="22 Sep 2018 11:41:31 GMT" time="178.869" errors="0">
  <testcase name="verifyTitle" time="0.338" classname="testmaven.DemotoMaven"/>
  <testcase name="verifyUser" time="12.255" classname="testmaven.DemotoMaven"/>
  <testcase name="loginFB" time="166.276" classname="testmaven.DemotoMaven"/>
</testsuite>
