<?xml version="1.0" encoding="UTF-8"?>
<!-- Generated by org.testng.reporters.JUnitReportReporter -->
<testsuite hostname="Ankush-PC" name="com.jenkinMaven.TestClassTwo" tests="1" failures="0" timestamp="23 Sep 2018 02:20:25 GMT" time="0.000" errors="0">
  <testcase name="testTwo" time="0.000" classname="com.jenkinMaven.TestClassTwo"/>
</testsuite>
