<?xml version="1.0" encoding="UTF-8"?>
<!-- Generated by org.testng.reporters.JUnitReportReporter -->
<testsuite hostname="Ankush-PC" name="com.jenkinMaven.TestClassOne" tests="1" failures="0" timestamp="23 Sep 2018 02:20:25 GMT" time="0.063" errors="0">
  <testcase name="testOne" time="0.063" classname="com.jenkinMaven.TestClassOne"/>
</testsuite>
