<?xml version="1.0" encoding="UTF-8"?>
<!-- Generated by org.testng.reporters.JUnitReportReporter -->
<testsuite hostname="Ankush-PC" name="testmaven.DemotoMaven" tests="3" failures="0" timestamp="23 Sep 2018 02:57:43 GMT" time="0.004" errors="0">
  <testcase name="verifyTitle" time="0.002" classname="testmaven.DemotoMaven"/>
  <testcase name="loginFB" time="0.001" classname="testmaven.DemotoMaven"/>
  <testcase name="verifyUser" time="0.001" classname="testmaven.DemotoMaven"/>
</testsuite>
